/Users/nitin/Library/Python/3.9/lib/python/site-packages/urllib3/__init__.py:35: NotOpenSSLWarning: urllib3 v2 only supports OpenSSL 1.1.1+, currently the 'ssl' module is compiled with 'LibreSSL 2.8.3'. See: https://github.com/urllib3/urllib3/issues/3020
  warnings.warn(

{'='*70}
Docling Advanced Extraction - Contractual 
Principal vs Fair Value
===============================================
=======================

Processing 10k1224.pdf with Docling...
2025-11-25 22:23:08,935 - INFO - detected formats: [<InputFormat.PDF: 'pdf'>]
2025-11-25 22:23:08,993 - INFO - Going to convert document batch...
2025-11-25 22:23:08,993 - INFO - Initializing pipeline for StandardPdfPipeline with options hash 44ae89a68fc272bc7889292e9b5a1bad
2025-11-25 22:23:09,011 - INFO - Loading plugin 'docling_defaults'
2025-11-25 22:23:09,012 - INFO - Registered picture descriptions: ['vlm', 'api']
2025-11-25 22:23:09,028 - INFO - Loading plugin 'docling_defaults'
2025-11-25 22:23:09,031 - INFO - Registered ocr engines: ['auto', 'easyocr', 'ocrmac', 'rapidocr', 'tesserocr', 'tesseract']
2025-11-25 22:23:10,078 - INFO - Auto OCR model selected ocrmac.
2025-11-25 22:23:10,083 - INFO - Accelerator device: 'mps'
2025-11-25 22:23:11,877 - INFO - Accelerator device: 'mps'
2025-11-25 22:23:12,820 - INFO - Processing document 10k1224.pdf
2025-11-25 22:36:18,202 - INFO - Finished converting document 10k1224.pdf in 789.30 sec.
Processing 10k1224.pdf with Docling...
  ✓ Extracted 0 tables
  ⚠ No matching table found

Processing 10q0320.pdf with Docling...
2025-11-25 22:36:19,846 - INFO - detected formats: [<InputFormat.PDF: 'pdf'>]
2025-11-25 22:36:19,868 - INFO - Going to convert document batch...
2025-11-25 22:36:19,868 - INFO - Initializing pipeline for StandardPdfPipeline with options hash 44ae89a68fc272bc7889292e9b5a1bad
2025-11-25 22:36:19,868 - INFO - Auto OCR model selected ocrmac.
2025-11-25 22:36:19,869 - INFO - Accelerator device: 'mps'
2025-11-25 22:36:23,829 - INFO - Accelerator device: 'mps'
2025-11-25 22:36:25,026 - INFO - Processing document 10q0320.pdf
2025-11-25 22:44:05,881 - INFO - Finished converting document 10q0320.pdf in 465.98 sec.
Processing 10q0320.pdf with Docling...
  ✓ Extracted 0 tables
  ⚠ No matching table found

Processing 10q0324.pdf with Docling...
2025-11-25 22:44:06,531 - INFO - detected formats: [<InputFormat.PDF: 'pdf'>]
2025-11-25 22:44:06,544 - INFO - Going to convert document batch...
2025-11-25 22:44:06,545 - INFO - Initializing pipeline for StandardPdfPipeline with options hash 44ae89a68fc272bc7889292e9b5a1bad
2025-11-25 22:44:06,546 - INFO - Auto OCR model selected ocrmac.
2025-11-25 22:44:06,547 - INFO - Accelerator device: 'mps'
2025-11-25 22:44:08,355 - INFO - Accelerator device: 'mps'
2025-11-25 22:44:09,791 - INFO - Processing document 10q0324.pdf
2025-11-25 22:51:36,626 - INFO - Finished converting document 10q0324.pdf in 450.11 sec.
Processing 10q0324.pdf with Docling...
  ✓ Extracted 0 tables
  ⚠ No matching table found

Processing 10q0325.pdf with Docling...
2025-11-25 22:51:37,003 - INFO - detected formats: [<InputFormat.PDF: 'pdf'>]
2025-11-25 22:51:37,013 - INFO - Going to convert document batch...
2025-11-25 22:51:37,014 - INFO - Initializing pipeline for StandardPdfPipeline with options hash 44ae89a68fc272bc7889292e9b5a1bad
2025-11-25 22:51:37,014 - INFO - Auto OCR model selected ocrmac.
2025-11-25 22:51:37,014 - INFO - Accelerator device: 'mps'
2025-11-25 22:51:39,597 - INFO - Accelerator device: 'mps'
2025-11-25 22:51:40,610 - INFO - Processing document 10q0325.pdf
2025-11-25 22:59:47,669 - INFO - Finished converting document 10q0325.pdf in 490.69 sec.
Processing 10q0325.pdf with Docling...
  ✓ Extracted 0 tables
  ⚠ No matching table found

Processing 10q0625.pdf with Docling...
2025-11-25 22:59:48,049 - INFO - detected formats: [<InputFormat.PDF: 'pdf'>]
2025-11-25 22:59:48,060 - INFO - Going to convert document batch...
2025-11-25 22:59:48,061 - INFO - Initializing pipeline for StandardPdfPipeline with options hash 44ae89a68fc272bc7889292e9b5a1bad
2025-11-25 22:59:48,061 - INFO - Auto OCR model selected ocrmac.
2025-11-25 22:59:48,061 - INFO - Accelerator device: 'mps'
2025-11-25 22:59:51,058 - INFO - Accelerator device: 'mps'
2025-11-25 22:59:52,104 - INFO - Processing document 10q0625.pdf
